[ 14 03(Mar) 2014, Fri 05:49:49:518 AM ] INFO  => edu.vesit.DBDataHelper.LoginHandler:41 by ThreadName: AWT-EventQueue-0 - Data Source for login established, ready to accept logins ..
[ 14 03(Mar) 2014, Fri 05:49:52:331 AM ] INFO  => edu.vesit.ams.AMSServer$2:202 by ThreadName: AWT-EventQueue-0 - Client Connected Sockets were: none
[ 14 03(Mar) 2014, Fri 05:49:52:331 AM ] INFO  => com.zaxxer.hikari.HikariPool:249 by ThreadName: AWT-EventQueue-0 - HikariCP pool HikariPool-0 is being shutdown.
[ 14 03(Mar) 2014, Fri 05:49:52:331 AM ] INFO  => edu.vesit.ams.AMSServer$2:226 by ThreadName: AWT-EventQueue-0 - Successfully shutdown the LoginHandler's DB Connection Pool!
[ 14 03(Mar) 2014, Fri 05:49:52:363 AM ] INFO  => edu.vesit.ams.AMSServer$2:230 by ThreadName: AWT-EventQueue-0 - Performed Garbage Collection!
[ 14 03(Mar) 2014, Fri 05:49:52:363 AM ] INFO  => edu.vesit.ams.AMSServer$2:231 by ThreadName: AWT-EventQueue-0 - Cya soon! :)
[ 14 03(Mar) 2014, Fri 05:50:15:476 AM ] INFO  => edu.vesit.ams.AMSServer$2:202 by ThreadName: AWT-EventQueue-0 - Client Connected Sockets were: none
[ 14 03(Mar) 2014, Fri 05:50:15:508 AM ] INFO  => edu.vesit.ams.AMSServer$2:230 by ThreadName: AWT-EventQueue-0 - Performed Garbage Collection!
[ 14 03(Mar) 2014, Fri 05:50:15:508 AM ] INFO  => edu.vesit.ams.AMSServer$2:231 by ThreadName: AWT-EventQueue-0 - Cya soon! :)
[ 14 03(Mar) 2014, Fri 05:50:22:385 AM ] INFO  => edu.vesit.ams.AMSServer$2:202 by ThreadName: AWT-EventQueue-0 - Client Connected Sockets were: none
[ 14 03(Mar) 2014, Fri 05:50:22:417 AM ] INFO  => edu.vesit.ams.AMSServer$2:230 by ThreadName: AWT-EventQueue-0 - Performed Garbage Collection!
[ 14 03(Mar) 2014, Fri 05:50:22:417 AM ] INFO  => edu.vesit.ams.AMSServer$2:231 by ThreadName: AWT-EventQueue-0 - Cya soon! :)
[ 14 03(Mar) 2014, Fri 05:50:31:075 AM ] INFO  => edu.vesit.DBDataHelper.LoginHandler:41 by ThreadName: AWT-EventQueue-0 - Data Source for login established, ready to accept logins ..
[ 14 03(Mar) 2014, Fri 05:50:31:873 AM ] INFO  => edu.vesit.DBDataHelper.AttendanceStringOperationExecutor:51 by ThreadName: AWT-EventQueue-0 - Data Source for Attendance String Operation Execution established, ready to accept AttendanceStringOperations ..
[ 14 03(Mar) 2014, Fri 05:50:32:388 AM ] INFO  => edu.vesit.DBDataHelper.TriggerStringOperationExecutor:54 by ThreadName: AWT-EventQueue-0 - Data Source for Trigger String Operation Execution established, ready to accept TriggerStringOperations ..
[ 14 03(Mar) 2014, Fri 05:50:33:843 AM ] INFO  => edu.vesit.ams.AMSServer$ClientConnListeningThread:2115 by ThreadName: Thread-1 - Server started listening on port number: 12589 ....
[ 14 03(Mar) 2014, Fri 05:50:33:843 AM ] INFO  => edu.vesit.ams.AMSServer$ClientConnListeningThread:2117 by ThreadName: Thread-1 - Waiting for client requests .... 
[ 14 03(Mar) 2014, Fri 05:50:35:969 AM ] INFO  => edu.vesit.ams.AMSServer$2:202 by ThreadName: AWT-EventQueue-0 - Client Connected Sockets were: none
[ 14 03(Mar) 2014, Fri 05:50:35:969 AM ] INFO  => com.zaxxer.hikari.HikariPool:249 by ThreadName: AWT-EventQueue-0 - HikariCP pool HikariPool-2 is being shutdown.
[ 14 03(Mar) 2014, Fri 05:50:35:969 AM ] INFO  => edu.vesit.ams.AMSServer$ClientConnListeningThread:2126 by ThreadName: Thread-1 - Connection Listening Server stopped!
[ 14 03(Mar) 2014, Fri 05:50:35:969 AM ] INFO  => edu.vesit.ams.AMSServer$2:216 by ThreadName: AWT-EventQueue-0 - Successfully shutdown the Attendance StringOperation Executor's DB Connection Pool!
[ 14 03(Mar) 2014, Fri 05:50:35:969 AM ] INFO  => com.zaxxer.hikari.HikariPool:249 by ThreadName: AWT-EventQueue-0 - HikariCP pool HikariPool-4 is being shutdown.
[ 14 03(Mar) 2014, Fri 05:50:35:969 AM ] INFO  => edu.vesit.ams.AMSServer$2:221 by ThreadName: AWT-EventQueue-0 - Successfully shutdown the Trigger StringOperation Executor's DB Connection Pool!
[ 14 03(Mar) 2014, Fri 05:50:35:969 AM ] INFO  => com.zaxxer.hikari.HikariPool:249 by ThreadName: AWT-EventQueue-0 - HikariCP pool HikariPool-0 is being shutdown.
[ 14 03(Mar) 2014, Fri 05:50:35:985 AM ] INFO  => edu.vesit.ams.AMSServer$2:226 by ThreadName: AWT-EventQueue-0 - Successfully shutdown the LoginHandler's DB Connection Pool!
[ 14 03(Mar) 2014, Fri 05:50:36:032 AM ] INFO  => edu.vesit.ams.AMSServer$2:230 by ThreadName: AWT-EventQueue-0 - Performed Garbage Collection!
[ 14 03(Mar) 2014, Fri 05:50:36:032 AM ] INFO  => edu.vesit.ams.AMSServer$2:231 by ThreadName: AWT-EventQueue-0 - Cya soon! :)
